# JRE version: OpenJDK Runtime Environment (8.0_152-b01) (build 1.8.0_152-release-915-b01)
# Java VM: OpenJDK 64-Bit Server VM (25.152-b01 mixed mode windows-amd64 compressed oops)
Heap:
 PSYoungGen      total 474112K, used 190631K [0x00000000e0000000, 0x0000000100000000, 0x0000000100000000)
  eden space 423936K, 41% used [0x00000000e0000000,0x00000000ead26498,0x00000000f9e00000)
  from space 50176K, 26% used [0x00000000fcf00000,0x00000000fdc03950,0x0000000100000000)
  to   space 50176K, 0% used [0x00000000f9e00000,0x00000000f9e00000,0x00000000fcf00000)
 ParOldGen       total 242688K, used 114304K [0x00000000a0000000, 0x00000000aed00000, 0x00000000e0000000)
  object space 242688K, 47% used [0x00000000a0000000,0x00000000a6fa0090,0x00000000aed00000)
 Metaspace       used 114572K, capacity 125726K, committed 125900K, reserved 1157120K
  class space    used 14789K, capacity 17358K, committed 17408K, reserved 1048576K
GC Heap History (10 events):
Event: 1340.956 GC heap before
{Heap before GC invocations=42 (full 4):
 PSYoungGen      total 440832K, used 440482K [0x00000000e0000000, 0x00000000ffd80000, 0x0000000100000000)
  eden space 414720K, 100% used [0x00000000e0000000,0x00000000f9500000,0x00000000f9500000)
  from space 26112K, 98% used [0x00000000f9500000,0x00000000fae28950,0x00000000fae80000)
  to   space 52736K, 0% used [0x00000000fca00000,0x00000000fca00000,0x00000000ffd80000)
 ParOldGen       total 242688K, used 104692K [0x00000000a0000000, 0x00000000aed00000, 0x00000000e0000000)
  object space 242688K, 43% used [0x00000000a0000000,0x00000000a663d388,0x00000000aed00000)
 Metaspace       used 110437K, capacity 120024K, committed 120140K, reserved 1153024K
  class space    used 14144K, capacity 16188K, committed 16256K, reserved 1048576K
Event: 1340.970 GC heap after
Heap after GC invocations=42 (full 4):
 PSYoungGen      total 471040K, used 25052K [0x00000000e0000000, 0x0000000100000000, 0x0000000100000000)
  eden space 418304K, 0% used [0x00000000e0000000,0x00000000e0000000,0x00000000f9880000)
  from space 52736K, 47% used [0x00000000fca00000,0x00000000fe277258,0x00000000ffd80000)
  to   space 50688K, 0% used [0x00000000f9880000,0x00000000f9880000,0x00000000fca00000)
 ParOldGen       total 242688K, used 105600K [0x00000000a0000000, 0x00000000aed00000, 0x00000000e0000000)
  object space 242688K, 43% used [0x00000000a0000000,0x00000000a6720328,0x00000000aed00000)
 Metaspace       used 110437K, capacity 120024K, committed 120140K, reserved 1153024K
  class space    used 14144K, capacity 16188K, committed 16256K, reserved 1048576K
}
Event: 1517.550 GC heap before
{Heap before GC invocations=43 (full 4):
 PSYoungGen      total 471040K, used 443356K [0x00000000e0000000, 0x0000000100000000, 0x0000000100000000)
  eden space 418304K, 100% used [0x00000000e0000000,0x00000000f9880000,0x00000000f9880000)
  from space 52736K, 47% used [0x00000000fca00000,0x00000000fe277258,0x00000000ffd80000)
  to   space 50688K, 0% used [0x00000000f9880000,0x00000000f9880000,0x00000000fca00000)
 ParOldGen       total 242688K, used 105600K [0x00000000a0000000, 0x00000000aed00000, 0x00000000e0000000)
  object space 242688K, 43% used [0x00000000a0000000,0x00000000a6720328,0x00000000aed00000)
 Metaspace       used 110989K, capacity 120942K, committed 121036K, reserved 1155072K
  class space    used 14210K, capacity 16349K, committed 16384K, reserved 1048576K
Event: 1517.573 GC heap after
Heap after GC invocations=43 (full 4):
 PSYoungGen      total 468992K, used 32038K [0x00000000e0000000, 0x00000000ffd00000, 0x0000000100000000)
  eden space 418304K, 0% used [0x00000000e0000000,0x00000000e0000000,0x00000000f9880000)
  from space 50688K, 63% used [0x00000000f9880000,0x00000000fb7c9890,0x00000000fca00000)
  to   space 50176K, 0% used [0x00000000fcc00000,0x00000000fcc00000,0x00000000ffd00000)
 ParOldGen       total 242688K, used 107568K [0x00000000a0000000, 0x00000000aed00000, 0x00000000e0000000)
  object space 242688K, 44% used [0x00000000a0000000,0x00000000a690c2b0,0x00000000aed00000)
 Metaspace       used 110989K, capacity 120942K, committed 121036K, reserved 1155072K
  class space    used 14210K, capacity 16349K, committed 16384K, reserved 1048576K
}
Event: 1825.168 GC heap before
{Heap before GC invocations=44 (full 4):
 PSYoungGen      total 468992K, used 450342K [0x00000000e0000000, 0x00000000ffd00000, 0x0000000100000000)
  eden space 418304K, 100% used [0x00000000e0000000,0x00000000f9880000,0x00000000f9880000)
  from space 50688K, 63% used [0x00000000f9880000,0x00000000fb7c9890,0x00000000fca00000)
  to   space 50176K, 0% used [0x00000000fcc00000,0x00000000fcc00000,0x00000000ffd00000)
 ParOldGen       total 242688K, used 107568K [0x00000000a0000000, 0x00000000aed00000, 0x00000000e0000000)
  object space 242688K, 44% used [0x00000000a0000000,0x00000000a690c2b0,0x00000000aed00000)
 Metaspace       used 112122K, capacity 122462K, committed 122700K, reserved 1155072K
  class space    used 14397K, capacity 16693K, committed 16768K, reserved 1048576K
Event: 1825.229 GC heap after
Heap after GC invocations=44 (full 4):
 PSYoungGen      total 471040K, used 16063K [0x00000000e0000000, 0x00000000fff80000, 0x0000000100000000)
  eden space 420864K, 0% used [0x00000000e0000000,0x00000000e0000000,0x00000000f9b00000)
  from space 50176K, 32% used [0x00000000fcc00000,0x00000000fdbafed8,0x00000000ffd00000)
  to   space 50176K, 0% used [0x00000000f9b00000,0x00000000f9b00000,0x00000000fcc00000)
 ParOldGen       total 242688K, used 113258K [0x00000000a0000000, 0x00000000aed00000, 0x00000000e0000000)
  object space 242688K, 46% used [0x00000000a0000000,0x00000000a6e9ab50,0x00000000aed00000)
 Metaspace       used 112122K, capacity 122462K, committed 122700K, reserved 1155072K
  class space    used 14397K, capacity 16693K, committed 16768K, reserved 1048576K
}
Event: 1970.348 GC heap before
{Heap before GC invocations=45 (full 4):
 PSYoungGen      total 471040K, used 436927K [0x00000000e0000000, 0x00000000fff80000, 0x0000000100000000)
  eden space 420864K, 100% used [0x00000000e0000000,0x00000000f9b00000,0x00000000f9b00000)
  from space 50176K, 32% used [0x00000000fcc00000,0x00000000fdbafed8,0x00000000ffd00000)
  to   space 50176K, 0% used [0x00000000f9b00000,0x00000000f9b00000,0x00000000fcc00000)
 ParOldGen       total 242688K, used 113258K [0x00000000a0000000, 0x00000000aed00000, 0x00000000e0000000)
  object space 242688K, 46% used [0x00000000a0000000,0x00000000a6e9ab50,0x00000000aed00000)
 Metaspace       used 113270K, capacity 123942K, committed 123980K, reserved 1157120K
  class space    used 14583K, capacity 17004K, committed 17024K, reserved 1048576K
Event: 1970.457 GC heap after
Heap after GC invocations=45 (full 4):
 PSYoungGen      total 471040K, used 13391K [0x00000000e0000000, 0x0000000100000000, 0x0000000100000000)
  eden space 420864K, 0% used [0x00000000e0000000,0x00000000e0000000,0x00000000f9b00000)
  from space 50176K, 26% used [0x00000000f9b00000,0x00000000fa813c90,0x00000000fcc00000)
  to   space 50176K, 0% used [0x00000000fcf00000,0x00000000fcf00000,0x0000000100000000)
 ParOldGen       total 242688K, used 113574K [0x00000000a0000000, 0x00000000aed00000, 0x00000000e0000000)
  object space 242688K, 46% used [0x00000000a0000000,0x00000000a6ee9b90,0x00000000aed00000)
 Metaspace       used 113270K, capacity 123942K, committed 123980K, reserved 1157120K
  class space    used 14583K, capacity 17004K, committed 17024K, reserved 1048576K
}
Event: 2610.017 GC heap before
{Heap before GC invocations=46 (full 4):
 PSYoungGen      total 471040K, used 434255K [0x00000000e0000000, 0x0000000100000000, 0x0000000100000000)
  eden space 420864K, 100% used [0x00000000e0000000,0x00000000f9b00000,0x00000000f9b00000)
  from space 50176K, 26% used [0x00000000f9b00000,0x00000000fa813c90,0x00000000fcc00000)
  to   space 50176K, 0% used [0x00000000fcf00000,0x00000000fcf00000,0x0000000100000000)
 ParOldGen       total 242688K, used 113574K [0x00000000a0000000, 0x00000000aed00000, 0x00000000e0000000)
  object space 242688K, 46% used [0x00000000a0000000,0x00000000a6ee9b90,0x00000000aed00000)
 Metaspace       used 114464K, capacity 125662K, committed 125900K, reserved 1157120K
  class space    used 14787K, capacity 17358K, committed 17408K, reserved 1048576K
Event: 2610.036 GC heap after
Heap after GC invocations=46 (full 4):
 PSYoungGen      total 474112K, used 13326K [0x00000000e0000000, 0x0000000100000000, 0x0000000100000000)
  eden space 423936K, 0% used [0x00000000e0000000,0x00000000e0000000,0x00000000f9e00000)
  from space 50176K, 26% used [0x00000000fcf00000,0x00000000fdc03950,0x0000000100000000)
  to   space 50176K, 0% used [0x00000000f9e00000,0x00000000f9e00000,0x00000000fcf00000)
 ParOldGen       total 242688K, used 114304K [0x00000000a0000000, 0x00000000aed00000, 0x00000000e0000000)
  object space 242688K, 47% used [0x00000000a0000000,0x00000000a6fa0090,0x00000000aed00000)
 Metaspace       used 114464K, capacity 125662K, committed 125900K, reserved 1157120K
  class space    used 14787K, capacity 17358K, committed 17408K, reserved 1048576K
}

